Analysis & Synthesis report for FSM
Sat Sep 18 00:38:17 2021
Quartus Prime Version 16.0.0 Build 211 04/27/2016 SJ Lite Edition


---------------------
; Table of Contents ;
---------------------
  1. Legal Notice
  2. Analysis & Synthesis Summary
  3. Analysis & Synthesis Settings
  4. Parallel Compilation
  5. Analysis & Synthesis Source Files Read
  6. Analysis & Synthesis Resource Usage Summary
  7. Analysis & Synthesis Resource Utilization by Entity
  8. User-Specified and Inferred Latches
  9. General Register Statistics
 10. Multiplexer Restructuring Statistics (Restructuring Performed)
 11. Post-Synthesis Netlist Statistics for Top Partition
 12. Elapsed Time Per Partition
 13. Analysis & Synthesis Messages



----------------
; Legal Notice ;
----------------
Copyright (C) 1991-2016 Altera Corporation. All rights reserved.
Your use of Altera Corporation's design tools, logic functions 
and other software and tools, and its AMPP partner logic 
functions, and any output files from any of the foregoing 
(including device programming or simulation files), and any 
associated documentation or information are expressly subject 
to the terms and conditions of the Altera Program License 
Subscription Agreement, the Altera Quartus Prime License Agreement,
the Altera MegaCore Function License Agreement, or other 
applicable license agreement, including, without limitation, 
that your use is for the sole purpose of programming logic 
devices manufactured by Altera and sold by Altera or its 
authorized distributors.  Please refer to the applicable 
agreement for further details.



+----------------------------------------------------------------------------------+
; Analysis & Synthesis Summary                                                     ;
+------------------------------------+---------------------------------------------+
; Analysis & Synthesis Status        ; Successful - Sat Sep 18 00:38:17 2021       ;
; Quartus Prime Version              ; 16.0.0 Build 211 04/27/2016 SJ Lite Edition ;
; Revision Name                      ; FSM                                         ;
; Top-level Entity Name              ; FSM                                         ;
; Family                             ; Cyclone IV E                                ;
; Total logic elements               ; 11                                          ;
;     Total combinational functions  ; 11                                          ;
;     Dedicated logic registers      ; 0                                           ;
; Total registers                    ; 0                                           ;
; Total pins                         ; 12                                          ;
; Total virtual pins                 ; 0                                           ;
; Total memory bits                  ; 0                                           ;
; Embedded Multiplier 9-bit elements ; 0                                           ;
; Total PLLs                         ; 0                                           ;
+------------------------------------+---------------------------------------------+


+----------------------------------------------------------------------------------------------------------------------+
; Analysis & Synthesis Settings                                                                                        ;
+----------------------------------------------------------------------------+--------------------+--------------------+
; Option                                                                     ; Setting            ; Default Value      ;
+----------------------------------------------------------------------------+--------------------+--------------------+
; Device                                                                     ; EP4CE115F29C7      ;                    ;
; Top-level entity name                                                      ; FSM                ; FSM                ;
; Family name                                                                ; Cyclone IV E       ; Cyclone V          ;
; Use smart compilation                                                      ; Off                ; Off                ;
; Enable parallel Assembler and TimeQuest Timing Analyzer during compilation ; On                 ; On                 ;
; Enable compact report table                                                ; Off                ; Off                ;
; Restructure Multiplexers                                                   ; Auto               ; Auto               ;
; Create Debugging Nodes for IP Cores                                        ; Off                ; Off                ;
; Preserve fewer node names                                                  ; On                 ; On                 ;
; Disable OpenCore Plus hardware evaluation                                  ; Off                ; Off                ;
; Verilog Version                                                            ; Verilog_2001       ; Verilog_2001       ;
; VHDL Version                                                               ; VHDL_1993          ; VHDL_1993          ;
; State Machine Processing                                                   ; Auto               ; Auto               ;
; Safe State Machine                                                         ; Off                ; Off                ;
; Extract Verilog State Machines                                             ; On                 ; On                 ;
; Extract VHDL State Machines                                                ; On                 ; On                 ;
; Ignore Verilog initial constructs                                          ; Off                ; Off                ;
; Iteration limit for constant Verilog loops                                 ; 5000               ; 5000               ;
; Iteration limit for non-constant Verilog loops                             ; 250                ; 250                ;
; Add Pass-Through Logic to Inferred RAMs                                    ; On                 ; On                 ;
; Infer RAMs from Raw Logic                                                  ; On                 ; On                 ;
; Parallel Synthesis                                                         ; On                 ; On                 ;
; DSP Block Balancing                                                        ; Auto               ; Auto               ;
; NOT Gate Push-Back                                                         ; On                 ; On                 ;
; Power-Up Don't Care                                                        ; On                 ; On                 ;
; Remove Redundant Logic Cells                                               ; Off                ; Off                ;
; Remove Duplicate Registers                                                 ; On                 ; On                 ;
; Ignore CARRY Buffers                                                       ; Off                ; Off                ;
; Ignore CASCADE Buffers                                                     ; Off                ; Off                ;
; Ignore GLOBAL Buffers                                                      ; Off                ; Off                ;
; Ignore ROW GLOBAL Buffers                                                  ; Off                ; Off                ;
; Ignore LCELL Buffers                                                       ; Off                ; Off                ;
; Ignore SOFT Buffers                                                        ; On                 ; On                 ;
; Limit AHDL Integers to 32 Bits                                             ; Off                ; Off                ;
; Optimization Technique                                                     ; Balanced           ; Balanced           ;
; Carry Chain Length                                                         ; 70                 ; 70                 ;
; Auto Carry Chains                                                          ; On                 ; On                 ;
; Auto Open-Drain Pins                                                       ; On                 ; On                 ;
; Perform WYSIWYG Primitive Resynthesis                                      ; Off                ; Off                ;
; Auto ROM Replacement                                                       ; On                 ; On                 ;
; Auto RAM Replacement                                                       ; On                 ; On                 ;
; Auto DSP Block Replacement                                                 ; On                 ; On                 ;
; Auto Shift Register Replacement                                            ; Auto               ; Auto               ;
; Allow Shift Register Merging across Hierarchies                            ; Auto               ; Auto               ;
; Auto Clock Enable Replacement                                              ; On                 ; On                 ;
; Strict RAM Replacement                                                     ; Off                ; Off                ;
; Allow Synchronous Control Signals                                          ; On                 ; On                 ;
; Force Use of Synchronous Clear Signals                                     ; Off                ; Off                ;
; Auto RAM Block Balancing                                                   ; On                 ; On                 ;
; Auto RAM to Logic Cell Conversion                                          ; Off                ; Off                ;
; Auto Resource Sharing                                                      ; Off                ; Off                ;
; Allow Any RAM Size For Recognition                                         ; Off                ; Off                ;
; Allow Any ROM Size For Recognition                                         ; Off                ; Off                ;
; Allow Any Shift Register Size For Recognition                              ; Off                ; Off                ;
; Use LogicLock Constraints during Resource Balancing                        ; On                 ; On                 ;
; Ignore translate_off and synthesis_off directives                          ; Off                ; Off                ;
; Timing-Driven Synthesis                                                    ; On                 ; On                 ;
; Report Parameter Settings                                                  ; On                 ; On                 ;
; Report Source Assignments                                                  ; On                 ; On                 ;
; Report Connectivity Checks                                                 ; On                 ; On                 ;
; Ignore Maximum Fan-Out Assignments                                         ; Off                ; Off                ;
; Synchronization Register Chain Length                                      ; 2                  ; 2                  ;
; PowerPlay Power Optimization During Synthesis                              ; Normal compilation ; Normal compilation ;
; HDL message level                                                          ; Level2             ; Level2             ;
; Suppress Register Optimization Related Messages                            ; Off                ; Off                ;
; Number of Removed Registers Reported in Synthesis Report                   ; 5000               ; 5000               ;
; Number of Swept Nodes Reported in Synthesis Report                         ; 5000               ; 5000               ;
; Number of Inverted Registers Reported in Synthesis Report                  ; 100                ; 100                ;
; Clock MUX Protection                                                       ; On                 ; On                 ;
; Auto Gated Clock Conversion                                                ; Off                ; Off                ;
; Block Design Naming                                                        ; Auto               ; Auto               ;
; SDC constraint protection                                                  ; Off                ; Off                ;
; Synthesis Effort                                                           ; Auto               ; Auto               ;
; Shift Register Replacement - Allow Asynchronous Clear Signal               ; On                 ; On                 ;
; Pre-Mapping Resynthesis Optimization                                       ; Off                ; Off                ;
; Analysis & Synthesis Message Level                                         ; Medium             ; Medium             ;
; Disable Register Merging Across Hierarchies                                ; Auto               ; Auto               ;
; Resource Aware Inference For Block RAM                                     ; On                 ; On                 ;
; Synthesis Seed                                                             ; 1                  ; 1                  ;
+----------------------------------------------------------------------------+--------------------+--------------------+


Parallel compilation was disabled, but you have multiple processors available. Enable parallel compilation to reduce compilation time.
+-------------------------------------+
; Parallel Compilation                ;
+----------------------------+--------+
; Processors                 ; Number ;
+----------------------------+--------+
; Number detected on machine ; 12     ;
; Maximum allowed            ; 1      ;
+----------------------------+--------+


+------------------------------------------------------------------------------------------------------------------------------------------------------+
; Analysis & Synthesis Source Files Read                                                                                                               ;
+----------------------------------+-----------------+------------------------------+--------------------------------------------------------+---------+
; File Name with User-Entered Path ; Used in Netlist ; File Type                    ; File Name with Absolute Path                           ; Library ;
+----------------------------------+-----------------+------------------------------+--------------------------------------------------------+---------+
; FSM.v                            ; yes             ; User Verilog HDL File        ; C:/Users/hb/Desktop/ece550/ECE_550/Lab_4/FSM.v         ;         ;
; f_state_out.v                    ; yes             ; Auto-Found Verilog HDL File  ; C:/Users/hb/Desktop/ece550/ECE_550/Lab_4/f_state_out.v ;         ;
+----------------------------------+-----------------+------------------------------+--------------------------------------------------------+---------+


+-------------------------------------------------------------------+
; Analysis & Synthesis Resource Usage Summary                       ;
+---------------------------------------------+---------------------+
; Resource                                    ; Usage               ;
+---------------------------------------------+---------------------+
; Estimated Total logic elements              ; 11                  ;
;                                             ;                     ;
; Total combinational functions               ; 11                  ;
; Logic element usage by number of LUT inputs ;                     ;
;     -- 4 input functions                    ; 5                   ;
;     -- 3 input functions                    ; 5                   ;
;     -- <=2 input functions                  ; 1                   ;
;                                             ;                     ;
; Logic elements by mode                      ;                     ;
;     -- normal mode                          ; 11                  ;
;     -- arithmetic mode                      ; 0                   ;
;                                             ;                     ;
; Total registers                             ; 0                   ;
;     -- Dedicated logic registers            ; 0                   ;
;     -- I/O registers                        ; 0                   ;
;                                             ;                     ;
; I/O pins                                    ; 12                  ;
;                                             ;                     ;
; Embedded Multiplier 9-bit elements          ; 0                   ;
;                                             ;                     ;
; Maximum fan-out node                        ; init_state[0]~input ;
; Maximum fan-out                             ; 6                   ;
; Total fan-out                               ; 57                  ;
; Average fan-out                             ; 1.63                ;
+---------------------------------------------+---------------------+


+-------------------------------------------------------------------------------------------------------------------------------------------------------------------------------------------+
; Analysis & Synthesis Resource Utilization by Entity                                                                                                                                       ;
+----------------------------+-------------------+--------------+-------------+--------------+---------+-----------+------+--------------+---------------------+-------------+--------------+
; Compilation Hierarchy Node ; LC Combinationals ; LC Registers ; Memory Bits ; DSP Elements ; DSP 9x9 ; DSP 18x18 ; Pins ; Virtual Pins ; Full Hierarchy Name ; Entity Name ; Library Name ;
+----------------------------+-------------------+--------------+-------------+--------------+---------+-----------+------+--------------+---------------------+-------------+--------------+
; |FSM                       ; 11 (0)            ; 0 (0)        ; 0           ; 0            ; 0       ; 0         ; 12   ; 0            ; |FSM                ; FSM         ; work         ;
;    |f_state_out:f1|        ; 11 (11)           ; 0 (0)        ; 0           ; 0            ; 0       ; 0         ; 0    ; 0            ; |FSM|f_state_out:f1 ; f_state_out ; work         ;
+----------------------------+-------------------+--------------+-------------+--------------+---------+-----------+------+--------------+---------------------+-------------+--------------+
Note: For table entries with two numbers listed, the numbers in parentheses indicate the number of resources of the given type used by the specific entity alone. The numbers listed outside of parentheses indicate the total resources of the given type used by the specific entity and all of its sub-entities in the hierarchy.


+---------------------------------------------------------------------------------------------------+
; User-Specified and Inferred Latches                                                               ;
+----------------------------------------------------+---------------------+------------------------+
; Latch Name                                         ; Latch Enable Signal ; Free of Timing Hazards ;
+----------------------------------------------------+---------------------+------------------------+
; f_state_out:f1|o[0]                                ; f_state_out:f1|s[2] ; yes                    ;
; f_state_out:f1|o[1]                                ; f_state_out:f1|s[2] ; yes                    ;
; f_state_out:f1|o[2]                                ; f_state_out:f1|s[2] ; yes                    ;
; f_state_out:f1|o[3]                                ; f_state_out:f1|s[2] ; yes                    ;
; f_state_out:f1|o[4]                                ; f_state_out:f1|s[2] ; yes                    ;
; f_state_out:f1|s[0]                                ; f_state_out:f1|s[2] ; yes                    ;
; f_state_out:f1|s[1]                                ; f_state_out:f1|s[2] ; yes                    ;
; f_state_out:f1|s[2]                                ; f_state_out:f1|s[2] ; yes                    ;
; Number of user-specified and inferred latches = 8  ;                     ;                        ;
+----------------------------------------------------+---------------------+------------------------+
Note: All latches listed above may not be present at the end of synthesis due to various synthesis optimizations.


+------------------------------------------------------+
; General Register Statistics                          ;
+----------------------------------------------+-------+
; Statistic                                    ; Value ;
+----------------------------------------------+-------+
; Total registers                              ; 0     ;
; Number of registers using Synchronous Clear  ; 0     ;
; Number of registers using Synchronous Load   ; 0     ;
; Number of registers using Asynchronous Clear ; 0     ;
; Number of registers using Asynchronous Load  ; 0     ;
; Number of registers using Clock Enable       ; 0     ;
; Number of registers using Preset             ; 0     ;
+----------------------------------------------+-------+


+------------------------------------------------------------------------------------------------------------------------------------------+
; Multiplexer Restructuring Statistics (Restructuring Performed)                                                                           ;
+--------------------+-----------+---------------+----------------------+------------------------+------------+----------------------------+
; Multiplexer Inputs ; Bus Width ; Baseline Area ; Area if Restructured ; Saving if Restructured ; Registered ; Example Multiplexer Output ;
+--------------------+-----------+---------------+----------------------+------------------------+------------+----------------------------+
; 10:1               ; 2 bits    ; 12 LEs        ; 10 LEs               ; 2 LEs                  ; No         ; |FSM|f_state_out:f1|o[3]   ;
+--------------------+-----------+---------------+----------------------+------------------------+------------+----------------------------+


+-----------------------------------------------------+
; Post-Synthesis Netlist Statistics for Top Partition ;
+-----------------------+-----------------------------+
; Type                  ; Count                       ;
+-----------------------+-----------------------------+
; boundary_port         ; 12                          ;
; cycloneiii_lcell_comb ; 11                          ;
;     normal            ; 11                          ;
;         2 data inputs ; 1                           ;
;         3 data inputs ; 5                           ;
;         4 data inputs ; 5                           ;
;                       ;                             ;
; Max LUT depth         ; 2.00                        ;
; Average LUT depth     ; 1.75                        ;
+-----------------------+-----------------------------+


+-------------------------------+
; Elapsed Time Per Partition    ;
+----------------+--------------+
; Partition Name ; Elapsed Time ;
+----------------+--------------+
; Top            ; 00:00:00     ;
+----------------+--------------+


+-------------------------------+
; Analysis & Synthesis Messages ;
+-------------------------------+
Info: *******************************************************************
Info: Running Quartus Prime Analysis & Synthesis
    Info: Version 16.0.0 Build 211 04/27/2016 SJ Lite Edition
    Info: Processing started: Sat Sep 18 00:38:07 2021
Info: Command: quartus_map --read_settings_files=on --write_settings_files=off FSM -c FSM
Warning (20028): Parallel compilation is not licensed and has been disabled
Info (12021): Found 1 design units, including 1 entities, in source file fsm.v
    Info (12023): Found entity 1: FSM File: C:/Users/hb/Desktop/ece550/ECE_550/Lab_4/FSM.v Line: 1
Info (12021): Found 1 design units, including 1 entities, in source file sr_latch.v
    Info (12023): Found entity 1: SR_Latch File: C:/Users/hb/Desktop/ece550/ECE_550/Lab_4/SR_Latch.v Line: 1
Info (12021): Found 1 design units, including 1 entities, in source file d_latch.v
    Info (12023): Found entity 1: D_Latch File: C:/Users/hb/Desktop/ece550/ECE_550/Lab_4/D_Latch.v Line: 1
Warning (12018): Entity "DFF" will be ignored because it conflicts with Quartus Prime primitive name File: C:/Users/hb/Desktop/ece550/ECE_550/Lab_4/DFF.v Line: 1
Info (12021): Found 1 design units, including 1 entities, in source file dff.v
Info (12021): Found 0 design units, including 0 entities, in source file buffer.v
Warning (12019): Can't analyze file -- file state_f.v is missing
Info (12127): Elaborating entity "FSM" for the top level hierarchy
Warning (12125): Using design file f_state_out.v, which is not specified as a design file for the current project, but contains definitions for 1 design units and 1 entities in project
    Info (12023): Found entity 1: f_state_out File: C:/Users/hb/Desktop/ece550/ECE_550/Lab_4/f_state_out.v Line: 1
Info (12128): Elaborating entity "f_state_out" for hierarchy "f_state_out:f1" File: C:/Users/hb/Desktop/ece550/ECE_550/Lab_4/FSM.v Line: 10
Warning (10240): Verilog HDL Always Construct warning at f_state_out.v(20): inferring latch(es) for variable "s", which holds its previous value in one or more paths through the always construct File: C:/Users/hb/Desktop/ece550/ECE_550/Lab_4/f_state_out.v Line: 20
Warning (10240): Verilog HDL Always Construct warning at f_state_out.v(20): inferring latch(es) for variable "o", which holds its previous value in one or more paths through the always construct File: C:/Users/hb/Desktop/ece550/ECE_550/Lab_4/f_state_out.v Line: 20
Warning (10230): Verilog HDL assignment warning at f_state_out.v(45): truncated value with size 32 to match size of target (3) File: C:/Users/hb/Desktop/ece550/ECE_550/Lab_4/f_state_out.v Line: 45
Warning (10230): Verilog HDL assignment warning at f_state_out.v(46): truncated value with size 32 to match size of target (5) File: C:/Users/hb/Desktop/ece550/ECE_550/Lab_4/f_state_out.v Line: 46
Info (10041): Inferred latch for "o[0]" at f_state_out.v(24) File: C:/Users/hb/Desktop/ece550/ECE_550/Lab_4/f_state_out.v Line: 24
Info (10041): Inferred latch for "o[1]" at f_state_out.v(24) File: C:/Users/hb/Desktop/ece550/ECE_550/Lab_4/f_state_out.v Line: 24
Info (10041): Inferred latch for "o[2]" at f_state_out.v(24) File: C:/Users/hb/Desktop/ece550/ECE_550/Lab_4/f_state_out.v Line: 24
Info (10041): Inferred latch for "o[3]" at f_state_out.v(24) File: C:/Users/hb/Desktop/ece550/ECE_550/Lab_4/f_state_out.v Line: 24
Info (10041): Inferred latch for "o[4]" at f_state_out.v(24) File: C:/Users/hb/Desktop/ece550/ECE_550/Lab_4/f_state_out.v Line: 24
Info (10041): Inferred latch for "s[0]" at f_state_out.v(24) File: C:/Users/hb/Desktop/ece550/ECE_550/Lab_4/f_state_out.v Line: 24
Info (10041): Inferred latch for "s[1]" at f_state_out.v(24) File: C:/Users/hb/Desktop/ece550/ECE_550/Lab_4/f_state_out.v Line: 24
Info (10041): Inferred latch for "s[2]" at f_state_out.v(24) File: C:/Users/hb/Desktop/ece550/ECE_550/Lab_4/f_state_out.v Line: 24
Info (13025): Duplicate LATCH primitives merged into single LATCH primitive
    Info (13026): Duplicate LATCH primitive "f_state_out:f1|o[3]" merged with LATCH primitive "f_state_out:f1|o[0]" File: C:/Users/hb/Desktop/ece550/ECE_550/Lab_4/f_state_out.v Line: 24
    Info (13026): Duplicate LATCH primitive "f_state_out:f1|o[2]" merged with LATCH primitive "f_state_out:f1|o[1]" File: C:/Users/hb/Desktop/ece550/ECE_550/Lab_4/f_state_out.v Line: 24
    Info (13026): Duplicate LATCH primitive "f_state_out:f1|s[2]" merged with LATCH primitive "f_state_out:f1|o[4]" File: C:/Users/hb/Desktop/ece550/ECE_550/Lab_4/f_state_out.v Line: 24
Warning (13012): Latch f_state_out:f1|o[0] has unsafe behavior File: C:/Users/hb/Desktop/ece550/ECE_550/Lab_4/f_state_out.v Line: 24
    Warning (13013): Ports D and ENA on the latch are fed by the same signal init_state[0] File: C:/Users/hb/Desktop/ece550/ECE_550/Lab_4/FSM.v Line: 3
Warning (13012): Latch f_state_out:f1|o[1] has unsafe behavior File: C:/Users/hb/Desktop/ece550/ECE_550/Lab_4/f_state_out.v Line: 24
    Warning (13013): Ports D and ENA on the latch are fed by the same signal init_state[0] File: C:/Users/hb/Desktop/ece550/ECE_550/Lab_4/FSM.v Line: 3
Warning (13012): Latch f_state_out:f1|o[4] has unsafe behavior File: C:/Users/hb/Desktop/ece550/ECE_550/Lab_4/f_state_out.v Line: 24
    Warning (13013): Ports D and ENA on the latch are fed by the same signal init_state[0] File: C:/Users/hb/Desktop/ece550/ECE_550/Lab_4/FSM.v Line: 3
Warning (13012): Latch f_state_out:f1|s[0] has unsafe behavior File: C:/Users/hb/Desktop/ece550/ECE_550/Lab_4/f_state_out.v Line: 24
    Warning (13013): Ports D and ENA on the latch are fed by the same signal init_state[0] File: C:/Users/hb/Desktop/ece550/ECE_550/Lab_4/FSM.v Line: 3
Warning (13012): Latch f_state_out:f1|s[1] has unsafe behavior File: C:/Users/hb/Desktop/ece550/ECE_550/Lab_4/f_state_out.v Line: 24
    Warning (13013): Ports D and ENA on the latch are fed by the same signal init_state[0] File: C:/Users/hb/Desktop/ece550/ECE_550/Lab_4/FSM.v Line: 3
Info (286030): Timing-Driven Synthesis is running
Info (16010): Generating hard_block partition "hard_block:auto_generated_inst"
    Info (16011): Adding 0 node(s), including 0 DDIO, 0 PLL, 0 transceiver and 0 LCELL
Info (21057): Implemented 23 device resources after synthesis - the final resource count might be different
    Info (21058): Implemented 4 input pins
    Info (21059): Implemented 8 output pins
    Info (21061): Implemented 11 logic cells
Info: Quartus Prime Analysis & Synthesis was successful. 0 errors, 18 warnings
    Info: Peak virtual memory: 4950 megabytes
    Info: Processing ended: Sat Sep 18 00:38:17 2021
    Info: Elapsed time: 00:00:10
    Info: Total CPU time (on all processors): 00:00:19


